[debug] [2022-07-28T21:50:32.055Z] ----------------------------------------------------------------------
[debug] [2022-07-28T21:50:32.058Z] Command:       C:\Program Files\nodejs\node.exe C:\Users\DELL\AppData\Roaming\npm\node_modules\firebase-tools\lib\bin\firebase.js init
[debug] [2022-07-28T21:50:32.059Z] CLI Version:   11.2.2
[debug] [2022-07-28T21:50:32.059Z] Platform:      win32
[debug] [2022-07-28T21:50:32.059Z] Node Version:  v16.13.2
[debug] [2022-07-28T21:50:32.074Z] Time:          Fri Jul 29 2022 03:50:32 GMT+0600 (Bangladesh Standard Time)
[debug] [2022-07-28T21:50:32.075Z] ----------------------------------------------------------------------
[debug] 
[debug] [2022-07-28T21:50:32.166Z] > command requires scopes: ["email","openid","https://www.googleapis.com/auth/cloudplatformprojects.readonly","https://www.googleapis.com/auth/firebase","https://www.googleapis.com/auth/cloud-platform"]
[debug] [2022-07-28T21:50:32.167Z] > authorizing via signed-in user (akashzaman4@gmail.com)
[info] 
     ######## #### ########  ######## ########     ###     ######  ########
     ##        ##  ##     ## ##       ##     ##  ##   ##  ##       ##
     ######    ##  ########  ######   ########  #########  ######  ######
     ##        ##  ##    ##  ##       ##     ## ##     ##       ## ##
     ##       #### ##     ## ######## ########  ##     ##  ######  ########

You're about to initialize a Firebase project in this directory:

  C:\projects\maactask

Before we get started, keep in mind:

  * You are currently outside your home directory
  * You are initializing within an existing Firebase project directory

